<?xml version="1.0" encoding="UTF-8"?>
<testsuite name="co.edu.unisabana.caf.dao.UsuarioDaoImpTest" tests="4" skipped="0" failures="0" errors="0" timestamp="2022-11-12T18:11:29" hostname="LAPTOP-R9DSJGVI" time="0.007">
  <properties/>
  <testcase name="Given_user_ok_and_password_wrong_When_credenciales_Then_return_false()" classname="co.edu.unisabana.caf.dao.UsuarioDaoImpTest" time="0.002"/>
  <testcase name="Given_user_wrong_and_password_ok_When_credenciales_Then_return_false()" classname="co.edu.unisabana.caf.dao.UsuarioDaoImpTest" time="0.001"/>
  <testcase name="Given_user_and_password_ok_When_credenciales_Then_return_true()" classname="co.edu.unisabana.caf.dao.UsuarioDaoImpTest" time="0.001"/>
  <testcase name="Given_user_and_password_wrong_When_credenciales_Then_return_false()" classname="co.edu.unisabana.caf.dao.UsuarioDaoImpTest" time="0.001"/>
  <system-out><![CDATA[]]></system-out>
  <system-err><![CDATA[]]></system-err>
</testsuite>
