<?xml version="1.0" encoding="UTF-8"?>
<testsuite name="co.edu.unisabana.caf.controller.AuthControllerTest" tests="2" skipped="0" failures="0" errors="0" timestamp="2022-11-11T23:17:27" hostname="LAPTOP-R9DSJGVI" time="1.547">
  <properties/>
  <testcase name="Given_false_When_login_Then_return_fail()" classname="co.edu.unisabana.caf.controller.AuthControllerTest" time="1.542"/>
  <testcase name="Given_true_When_login_Then_return_ok()" classname="co.edu.unisabana.caf.controller.AuthControllerTest" time="0.003"/>
  <system-out><![CDATA[]]></system-out>
  <system-err><![CDATA[]]></system-err>
</testsuite>
