<?xml version="1.0" encoding="UTF-8"?>
<testsuite name="co.edu.unisabana.caf.controller.UsersControllerTest" tests="2" skipped="0" failures="0" errors="0" timestamp="2022-11-09T17:36:38" hostname="LAPTOP-R9DSJGVI" time="0.003">
  <properties/>
  <testcase name="Given_correo_wrong_When_getUsuario_then_return_null()" classname="co.edu.unisabana.caf.controller.UsersControllerTest" time="0.001"/>
  <testcase name="Given_correo_ok_When_getUsuario_then_return_usuario()" classname="co.edu.unisabana.caf.controller.UsersControllerTest" time="0.001"/>
  <system-out><![CDATA[]]></system-out>
  <system-err><![CDATA[]]></system-err>
</testsuite>
