<?xml version="1.0" encoding="UTF-8"?>
<testsuite name="co.edu.unisabana.caf.controller.AuthControllerTest" tests="2" skipped="0" failures="0" errors="0" timestamp="2022-11-13T22:55:12" hostname="LAPTOP-4J7RVV9K" time="1.169">
  <properties/>
  <testcase name="Given_false_When_login_Then_return_fail()" classname="co.edu.unisabana.caf.controller.AuthControllerTest" time="1.164"/>
  <testcase name="Given_true_When_login_Then_return_ok()" classname="co.edu.unisabana.caf.controller.AuthControllerTest" time="0.003"/>
  <system-out><![CDATA[]]></system-out>
  <system-err><![CDATA[]]></system-err>
</testsuite>
