<?xml version="1.0" encoding="UTF-8"?>
<testsuite name="co.edu.unisabana.caf.dao.ReservaDaoImpTest" tests="4" skipped="0" failures="0" errors="0" timestamp="2022-11-13T22:55:14" hostname="LAPTOP-4J7RVV9K" time="0.007">
  <properties/>
  <testcase name="Given_day_and_time_wrong_When_verificarRserva_Then_return_false()" classname="co.edu.unisabana.caf.dao.ReservaDaoImpTest" time="0.002"/>
  <testcase name="Given_day_wrong_and_time_ok_When_verificarReserva_Then_return_true()" classname="co.edu.unisabana.caf.dao.ReservaDaoImpTest" time="0.002"/>
  <testcase name="Given_day_ok_and_time_wrong_When_verificarReserva_Then_return_true()" classname="co.edu.unisabana.caf.dao.ReservaDaoImpTest" time="0.001"/>
  <testcase name="Given_day_and_time_ok_When_verificarReserva_Then_return_true()" classname="co.edu.unisabana.caf.dao.ReservaDaoImpTest" time="0.001"/>
  <system-out><![CDATA[]]></system-out>
  <system-err><![CDATA[]]></system-err>
</testsuite>
