<?xml version="1.0" encoding="UTF-8"?>
<testsuite name="co.edu.unisabana.caf.controller.ReservaControllerTest" tests="2" skipped="0" failures="0" errors="0" timestamp="2022-11-13T22:55:14" hostname="LAPTOP-4J7RVV9K" time="0.03">
  <properties/>
  <testcase name="Given_false_When_getsReserva_then_return_Fail()" classname="co.edu.unisabana.caf.controller.ReservaControllerTest" time="0.026"/>
  <testcase name="Given_true_When_getsReserva_then_return_OK()" classname="co.edu.unisabana.caf.controller.ReservaControllerTest" time="0.003"/>
  <system-out><![CDATA[]]></system-out>
  <system-err><![CDATA[]]></system-err>
</testsuite>
